make Makefile --dry-run --always-make --keep-going --print-directory
make: Entering directory '/home/xxy/qemu'
echo 'changing dir to build for make "Makefile"...'
changing dir to build for make "Makefile"...
make -C build -f Makefile Makefile
make[1]: Entering directory '/home/xxy/qemu/build'
 
/usr/bin/python3 -B /home/xxy/qemu/meson/meson.py introspect --buildoptions /home/xxy/qemu/meson.build | /usr/bin/python3 -B \
  scripts/meson-buildoptions.py > /home/xxy/qemu/scripts/meson-buildoptions.sh.tmp && mv /home/xxy/qemu/scripts/meson-buildoptions.sh.tmp /home/xxy/qemu/scripts/meson-buildoptions.sh
 
Unable to evaluate subdir([]) in AstInterpreter --> Skipping

config-host.mak is out-of-date, running configure
 
/usr/bin/ninja  build.ninja && touch build.ninja.stamp
 
[0/1] Regenerating build files.
 
The Meson build system
Version: 0.59.3
Source dir: /home/xxy/qemu
Build dir: /home/xxy/qemu/build
Build type: native build
Project name: qemu
Project version: 6.2.94
C compiler for the host machine: cc -m64 -mcx16 (gcc 9.4.0 "cc (Ubuntu 9.4.0-1ubuntu1~20.04.1) 9.4.0")
C linker for the host machine: cc -m64 -mcx16 ld.bfd 2.38
Host machine cpu family: x86_64
Host machine cpu: x86_64
Program sh found: YES (/usr/bin/sh)
Program python3 found: YES (/usr/bin/python3)
WARNING: Broken python installation detected. Python files installed by Meson might not be found by python interpreter.
Program bzip2 found: YES (/usr/bin/bzip2)
C++ compiler for the host machine: c++ -m64 -mcx16 (gcc 9.4.0 "c++ (Ubuntu 9.4.0-1ubuntu1~20.04.1) 9.4.0")
C++ linker for the host machine: c++ -m64 -mcx16 ld.bfd 2.38
Program cgcc found: NO
Library m found: YES
Dependency threads found: YES unknown (cached)
Library util found: YES
Run-time dependency appleframeworks found: NO (tried framework)
Dependency pixman-1 found: YES 0.38.4 (cached)
Dependency zlib found: YES 1.2.11 (cached)
Has header "libaio.h" : NO (cached)
Found pkg-config: /usr/bin/pkg-config (0.29.1)
Run-time dependency liburing found: NO (tried pkgconfig)
Run-time dependency libnfs found: NO (tried pkgconfig)
Run-time dependency appleframeworks found: NO (tried framework)
Run-time dependency libseccomp found: NO (tried pkgconfig)
Has header "cap-ng.h" : NO (cached)
Run-time dependency xkbcommon found: NO (tried pkgconfig)
Has header "libvdeplug.h" : NO (cached)
Run-time dependency libpulse found: NO (tried pkgconfig)
Run-time dependency alsa found: NO (tried pkgconfig)
Run-time dependency jack found: NO (tried pkgconfig)
Run-time dependency spice-protocol found: NO (tried pkgconfig)
Run-time dependency spice-server found: NO (tried pkgconfig)
Library rt found: YES
Run-time dependency libiscsi found: NO (tried pkgconfig)
Run-time dependency libzstd found: NO (tried pkgconfig)
Run-time dependency virglrenderer found: NO (tried pkgconfig)
Run-time dependency libcurl found: NO (tried pkgconfig)
Run-time dependency libudev found: NO (tried pkgconfig)
Library mpathpersist found: NO
Dependency ncursesw found: YES 6.2.20200212 (cached)
Has header "brlapi.h" : NO (cached)
sdl2-config found: NO
Run-time dependency sdl2 found: NO (tried pkgconfig and config-tool)
Library rados found: NO
Has header "rbd/librbd.h" : NO (cached)
Run-time dependency glusterfs-api found: NO (tried pkgconfig)
Run-time dependency libssh found: NO (tried pkgconfig)
Has header "bzlib.h" : NO (cached)
Has header "lzfse.h" : NO (cached)
Has header "sys/soundcard.h" : YES (cached)
Run-time dependency gnutls found: NO (tried pkgconfig)
Run-time dependency gnutls found: NO (tried pkgconfig)
libgcrypt-config found: NO need ['>=1.8']
Run-time dependency libgcrypt found: NO (tried config-tool)
Run-time dependency nettle found: NO (tried pkgconfig)
Run-time dependency gtk+-3.0 found: NO (tried pkgconfig)
Run-time dependency libpng found: NO (tried pkgconfig)
Run-time dependency libjpeg found: NO (tried pkgconfig)
Has header "sasl/sasl.h" : NO (cached)
Has header "security/pam_appl.h" : NO (cached)
Has header "snappy-c.h" : NO (cached)
Has header "lzo/lzo1x.h" : NO (cached)
Has header "numa.h" : NO (cached)
Run-time dependency libcacard found: NO (tried pkgconfig)
Run-time dependency u2f-emu found: NO (tried pkgconfig)
Run-time dependency libusbredirparser-0.5 found: NO (tried pkgconfig)
Run-time dependency libusb-1.0 found: NO (tried pkgconfig)
Run-time dependency libpmem found: NO (tried pkgconfig)
Run-time dependency libdaxctl found: NO (tried pkgconfig)
Run-time dependency libkeyutils found: NO (tried pkgconfig)
Checking for function "gettid" : YES (cached)
Dependency libselinux found: YES 3.0 (cached)
Run-time dependency fuse3 found: NO (tried pkgconfig)
Run-time dependency libbpf found: NO (tried pkgconfig)
Has header "sys/epoll.h" : YES (cached)
Has header "linux/magic.h" : YES (cached)
Has header "valgrind/valgrind.h" : NO (cached)
Has header "linux/btrfs.h" : YES (cached)
Has header "libdrm/drm.h" : NO (cached)
Has header "pty.h" : YES (cached)
Has header "sys/disk.h" : NO (cached)
Has header "sys/ioccom.h" : NO (cached)
Has header "sys/kcov.h" : NO (cached)
Checking for function "accept4" : YES (cached)
Checking for function "clock_adjtime" : YES (cached)
Checking for function "dup3" : YES (cached)
Checking for function "fallocate" : YES (cached)
Checking for function "posix_fallocate" : YES (cached)
Checking for function "posix_memalign" : YES (cached)
Checking for function "_aligned_malloc" : NO (cached)
Checking for function "valloc" : YES (cached)
Checking for function "memalign" : YES (cached)
Checking for function "ppoll" : YES (cached)
Checking for function "preadv" : YES (cached)
Checking for function "pthread_fchdir_np" : NO (cached)
Checking for function "sem_timedwait" with dependency threads: YES (cached)
Checking for function "sendfile" : YES (cached)
Checking for function "setns" : YES (cached)
Checking for function "unshare" : YES (cached)
Checking for function "syncfs" : YES (cached)
Checking for function "sync_file_range" : YES (cached)
Checking for function "timerfd_create" : YES (cached)
Checking for function "copy_file_range" : YES (cached)
Checking for function "openpty" with dependency -lutil: YES (cached)
Checking for function "strchrnul" : YES (cached)
Checking for function "system" : YES (cached)
Header <byteswap.h> has symbol "bswap_32" : YES (cached)
Header <sys/epoll.h> has symbol "epoll_create1" : YES (cached)
Header <unistd.h> has symbol "environ" : YES (cached)
Header <linux/falloc.h> has symbol "FALLOC_FL_PUNCH_HOLE" : YES (cached)
Header <linux/falloc.h> has symbol "FALLOC_FL_KEEP_SIZE" : YES (cached)
Header <linux/falloc.h> has symbol "FALLOC_FL_ZERO_RANGE" : YES (cached)
Has header "linux/fiemap.h" : YES (cached)
Header <linux/fs.h> has symbol "FS_IOC_FIEMAP" : YES (cached)
Checking for function "getrandom" : YES (cached)
Header <sys/random.h> has symbol "GRND_NONBLOCK" : YES (cached)
Header <sys/inotify.h> has symbol "inotify_init" : YES (cached)
Header <sys/inotify.h> has symbol "inotify_init1" : YES (cached)
Header <machine/bswap.h> has symbol "bswap32" : NO (cached)
Header <sys/prctl.h> has symbol "PR_SET_TIMERSLACK" : YES (cached)
Header <linux/rtnetlink.h> has symbol "IFLA_PROTO_DOWN" : YES (cached)
Header <sys/sysmacros.h> has symbol "makedev" : YES (cached)
Header <getopt.h> has symbol "optreset" : NO (cached)
Header <netinet/in.h> has symbol "IPPROTO_MPTCP" : NO (cached)
Checking whether type "struct sigevent" has member "sigev_notify_thread_id" : NO (cached)
Checking whether type "struct stat" has member "st_atim" : YES (cached)
Checking for type "struct iovec" : YES (cached)
Checking for type "struct utmpx" : YES (cached)
Checking for type "struct mmsghdr" : YES (cached)
Program scripts/minikconf.py found: YES (/usr/bin/python3 /home/xxy/qemu/scripts/minikconf.py)
Configuring x86_64-softmmu-config-target.h using configuration
Configuring x86_64-softmmu-config-devices.mak with command
Reading depfile: /home/xxy/qemu/build/meson-private/x86_64-softmmu-config-devices.mak.d
Configuring x86_64-softmmu-config-devices.h using configuration
Program scripts/make-config-poison.sh found: YES (/home/xxy/qemu/scripts/make-config-poison.sh)
Run-time dependency capstone found: NO (tried pkgconfig)
Configuring capstone-defs.h using configuration
Run-time dependency slirp found: NO (tried pkgconfig)
Configuring libslirp-version.h using configuration
Library fdt found: NO
Configuring config-host.h using configuration
Program scripts/hxtool found: YES (/home/xxy/qemu/scripts/hxtool)
Program scripts/shaderinclude.pl found: YES (/usr/bin/env perl /home/xxy/qemu/scripts/shaderinclude.pl)
Program scripts/qapi-gen.py found: YES (/usr/bin/python3 /home/xxy/qemu/scripts/qapi-gen.py)
Program scripts/qemu-version.sh found: YES (/home/xxy/qemu/scripts/qemu-version.sh)

Executing subproject libvhost-user 

libvhost-user| Project name: libvhost-user
libvhost-user| Project version: undefined
libvhost-user| C compiler for the host machine: cc -m64 -mcx16 (gcc 9.4.0 "cc (Ubuntu 9.4.0-1ubuntu1~20.04.1) 9.4.0")
 
libvhost-user| C linker for the host machine: cc -m64 -mcx16 ld.bfd 2.38
libvhost-user| Dependency threads found: YES unknown (cached)
libvhost-user| Dependency glib-2.0 found: YES 2.64.6 (overridden)
libvhost-user| Build targets in project: 12
libvhost-user| Subproject libvhost-user finished.

Program cat found: YES (/usr/bin/cat)
Program scripts/decodetree.py found: YES (/usr/bin/python3 /home/xxy/qemu/scripts/decodetree.py)
Program ../scripts/modules/module_block.py found: YES (/usr/bin/python3 /home/xxy/qemu/block/../scripts/modules/module_block.py)
Program ../scripts/block-coroutine-wrapper.py found: YES (/usr/bin/python3 /home/xxy/qemu/block/../scripts/block-coroutine-wrapper.py)
Program scripts/modinfo-collect.py found: YES (/home/xxy/qemu/scripts/modinfo-collect.py)
Program scripts/modinfo-generate.py found: YES (/home/xxy/qemu/scripts/modinfo-generate.py)
Program nm found: YES
Program scripts/undefsym.py found: YES (/usr/bin/python3 /home/xxy/qemu/scripts/undefsym.py)
Program scripts/feature_to_c.sh found: YES (/bin/sh /home/xxy/qemu/scripts/feature_to_c.sh)
Configuring 50-edk2-i386-secure.json using configuration
Configuring 50-edk2-x86_64-secure.json using configuration
Configuring 60-edk2-aarch64.json using configuration
Configuring 60-edk2-arm.json using configuration
Configuring 60-edk2-i386.json using configuration
Configuring 60-edk2-x86_64.json using configuration
Program qemu-keymap found: NO
Program cp found: YES (/usr/bin/cp)
Program sphinx-build-3 sphinx-build found: NO
Program python3 found: YES (/usr/bin/python3)
Program diff found: YES (/usr/bin/diff)
Program dbus-daemon found: YES (/usr/bin/dbus-daemon)
Program /usr/bin/gdbus-codegen found: YES (/usr/bin/gdbus-codegen)
Program initrd-stress.sh found: YES (/home/xxy/qemu/tests/migration/initrd-stress.sh)
Build targets in project: 540

qemu 6.2.94

  Directories
    Install prefix               : /usr/local
    BIOS directory               : share/qemu
    firmware path                : /usr/local/share/qemu-firmware
    binary directory             : bin
    library directory            : lib
    module directory             : lib/qemu
    libexec directory            : libexec
    include directory            : include
    config directory             : /usr/local/etc
    local state directory        : /usr/local/var
    Manual directory             : share/man
    Doc directory                : /usr/local/share/doc
    Build directory              : /home/xxy/qemu/build
    Source path                  : /home/xxy/qemu
    GIT submodules               : ui/keycodemapdb meson tests/fp/berkeley-testfloat-3 tests/fp/berkeley-softfloat-3 dtc capstone slirp

  Host binaries
    git                          : git
    make                         : make
    python                       : /usr/bin/python3 (version: 3.8)
    sphinx-build                 : NO
    gdb                          : /usr/bin/gdb-multiarch
    iasl                         : NO
    genisoimage                  : 
    smbd                         : /usr/sbin/smbd

  Configurable features
    Documentation                : NO
    system-mode emulation        : YES
    user-mode emulation          : NO
    block layer                  : YES
    Install blobs                : YES
    module support               : NO
    fuzzing support              : NO
    Audio drivers                : oss
    Trace backends               : log
    D-Bus display                : NO
    QOM debugging                : NO
    vhost-kernel support         : YES
    vhost-net support            : YES
    vhost-crypto support         : YES
    vhost-scsi support           : YES
    vhost-vsock support          : YES
    vhost-user support           : YES
    vhost-user-blk server support: YES
    vhost-user-fs support        : YES
    vhost-vdpa support           : YES
    build guest agent            : YES

  Compilation
    host CPU                     : x86_64
    host endianness              : little
    C compiler                   : cc -m64 -mcx16
    Host C compiler              : cc -m64 -mcx16
    C++ compiler                 : c++ -m64 -mcx16
    CFLAGS                       : -O0 -g
    CXXFLAGS                     : -O0 -g
    QEMU_CFLAGS                  : -D_GNU_SOURCE -D_FILE_OFFSET_BITS=64 -D_LARGEFILE_SOURCE -Wstrict-prototypes -Wredundant-decls -Wundef -Wwrite-strings -Wmissing-prototypes -fno-strict-aliasing -fno-common -fwrapv -Wold-style-declaration -Wold-style-definition -Wtype-limits -Wformat-security -Wformat-y2k -Winit-self -Wignored-qualifiers -Wempty-body -Wnested-externs -Wendif-labels -Wexpansion-to-defined -Wimplicit-fallthrough=2 -Wno-missing-include-dirs -Wno-shift-negative-value -Wno-psabi -fstack-protector-strong
    QEMU_CXXFLAGS                : -D__STDC_LIMIT_MACROS -D__STDC_CONSTANT_MACROS -D__STDC_FORMAT_MACROS -D_GNU_SOURCE -D_FILE_OFFSET_BITS=64 -D_LARGEFILE_SOURCE -Wundef -Wwrite-strings -fno-strict-aliasing -fno-common -fwrapv -Wtype-limits -Wformat-security -Wformat-y2k -Winit-self -Wignored-qualifiers -Wempty-body -Wendif-labels -Wexpansion-to-defined -Wimplicit-fallthrough=2 -Wno-missing-include-dirs -Wno-shift-negative-value -Wno-psabi -fstack-protector-strong
    QEMU_OBJCFLAGS               : 
    QEMU_LDFLAGS                 : -Wl,--warn-common -Wl,-z,relro -Wl,-z,now  -fstack-protector-strong
    profiler                     : NO
    link-time optimization (LTO) : NO
    PIE                          : YES
    static build                 : NO
    malloc trim support          : YES
    membarrier                   : NO
    debug stack usage            : NO
    mutex debugging              : YES
    memory allocator             : system
    avx2 optimization            : YES
    avx512f optimization         : NO
    gprof enabled                : NO
    gcov                         : NO
    thread sanitizer             : NO
    CFI support                  : NO
    strip binaries               : NO
    sparse                       : NO
    mingw32 support              : NO
    x86_64 tests                 : cc

  Targets and accelerators
    KVM support                  : YES
    HAX support                  : NO
    HVF support                  : NO
    WHPX support                 : NO
    NVMM support                 : NO
    Xen support                  : NO
    TCG support                  : YES
    TCG backend                  : native (x86_64)
    TCG plugins                  : YES
    TCG debug enabled            : YES
    target list                  : x86_64-softmmu
    default devices              : YES
    out of process emulation     : YES

  Block layer support
    coroutine backend            : ucontext
    coroutine pool               : YES
    Block whitelist (rw)         : 
    Block whitelist (ro)         : 
    Use block whitelist in tools : NO
    VirtFS support               : NO
    build virtiofs daemon        : NO
    Live block migration         : YES
    replication support          : YES
    bochs support                : YES
    cloop support                : YES
    dmg support                  : YES
    qcow v1 support              : YES
    vdi support                  : YES
    vvfat support                : YES
    qed support                  : YES
    parallels support            : YES
    FUSE exports                 : NO

  Crypto
    TLS priority                 : "NORMAL"
    GNUTLS support               : NO
    libgcrypt                    : NO
    nettle                       : NO
    AF_ALG support               : NO
    rng-none                     : NO
    Linux keyring                : YES

  Dependencies
    SDL support                  : NO
    SDL image support            : NO
    GTK support                  : NO
    pixman                       : YES 0.38.4
    VTE support                  : NO
    slirp support                : internal
    libtasn1                     : NO
    PAM                          : NO
    iconv support                : YES
    curses support               : YES
    virgl support                : NO
    curl support                 : NO
    Multipath support            : NO
 
    VNC support                  : YES
    VNC SASL support             : NO
    VNC JPEG support             : NO
    VNC PNG support              : NO
    OSS support                  : YES
    ALSA support                 : NO
    PulseAudio support           : NO
    JACK support                 : NO
    brlapi support               : NO
    vde support                  : NO
    netmap support               : NO
    l2tpv3 support               : YES
    Linux AIO support            : NO
    Linux io_uring support       : NO
    ATTR/XATTR support           : YES
    RDMA support                 : NO
    PVRDMA support               : NO
    fdt support                  : internal
    libcap-ng support            : NO
    bpf support                  : NO
    spice protocol support       : NO
    rbd support                  : NO
    smartcard support            : NO
    U2F support                  : NO
    libusb                       : NO
    usb net redir                : NO
    OpenGL support               : NO
    GBM                          : NO
    libiscsi support             : NO
    libnfs support               : NO
    seccomp support              : NO
    GlusterFS support            : NO
    TPM support                  : YES
    libssh support               : NO
    lzo support                  : NO
    snappy support               : NO
    bzip2 support                : NO
    lzfse support                : NO
    zstd support                 : NO
    NUMA host support            : NO
    capstone                     : internal
    libpmem support              : NO
    libdaxctl support            : NO
    libudev                      : NO
    FUSE lseek                   : NO
    selinux                      : YES 3.0

  Subprojects
    libvhost-user                : YES

Found ninja-1.10.0 at /usr/bin/ninja
 
ninja: no work to do.
 
/usr/bin/python3 -B /home/xxy/qemu/meson/meson.py introspect --targets --tests --benchmarks | /usr/bin/python3 -B scripts/mtest2make.py > Makefile.mtest
 
printf "  %-7s %s\n"  "GIT" "ui/keycodemapdb meson tests/fp/berkeley-testfloat-3 tests/fp/berkeley-softfloat-3 dtc capstone slirp" &&  (GIT="git" "/home/xxy/qemu/scripts/git-submodule.sh" update ui/keycodemapdb meson tests/fp/berkeley-testfloat-3 tests/fp/berkeley-softfloat-3 dtc capstone slirp)
 
printf "  %-7s %s\n"  "GIT" "ui/keycodemapdb meson tests/fp/berkeley-testfloat-3 tests/fp/berkeley-softfloat-3 dtc capstone slirp" &&  (GIT="git" "/home/xxy/qemu/scripts/git-submodule.sh" update ui/keycodemapdb meson tests/fp/berkeley-testfloat-3 tests/fp/berkeley-softfloat-3 dtc capstone slirp)
make[1]: 'Makefile' is up to date.
 
make[1]: Leaving directory '/home/xxy/qemu/build'
 
if test "Makefile" = "distclean" && \
    test -e build/auto-created-by-configure ; \
then \
    rm -rf build GNUmakefile ; \
fi
make: Leaving directory '/home/xxy/qemu'
 
